start query server at port:19990
start auth server at port:19992
recv:{"os_type":0,"oss_channel":"000","client_version":"40001","mobile_type":"ModelName","operaters_type":0,"device_id":"4cfde6b25aa19b4f46a55306a9b9243a","csproto_version":36}
recv:{"os_type":0,"oss_channel":"000","client_version":"40001","mobile_type":"ModelName","operaters_type":0,"device_id":"4cfde6b25aa19b4f46a55306a9b9243a","csproto_version":36}
recv:{"os_type":0,"oss_channel":"000","client_version":"40001","mobile_type":"ModelName","operaters_type":0,"device_id":"4cfde6b25aa19b4f46a55306a9b9243a","csproto_version":36}
recv:{"os_type":0,"oss_channel":"000","client_version":"40001","mobile_type":"ModelName","operaters_type":0,"device_id":"4cfde6b25aa19b4f46a55306a9b9243a","csproto_version":36}
recv:{"os_type":0,"oss_channel":"000","client_version":"40001","mobile_type":"ModelName","operaters_type":0,"device_id":"4cfde6b25aa19b4f46a55306a9b9243a","csproto_version":36}
recv:{"os_type":0,"oss_channel":"000","client_version":"40001","mobile_type":"ModelName","operaters_type":0,"device_id":"34332b775596ac913ddf676ad6dc4328","csproto_version":36}
recv:{"os_type":0,"oss_channel":"000","client_version":"40001","mobile_type":"ModelName","operaters_type":0,"device_id":"9fa2d97491cd9a0896c9264c437bbb15","csproto_version":36}
start query server at port:19990
recv:{"os_type":0,"oss_channel":"000","client_version":"40001","mobile_type":"ModelName","operaters_type":0,"device_id":"9fa2d97491cd9a0896c9264c437bbb15","csproto_version":36}
recv:{"cmd":"acclogin","auth_channel":0,"auth_account":"9fa2d97491cd9a0896c9264c437bbb15","device_id":"9fa2d97491cd9a0896c9264c437bbb15"}
recv:{"os_type":0,"oss_channel":"000","client_version":"40001","mobile_type":"ModelName","operaters_type":0,"device_id":"9fa2d97491cd9a0896c9264c437bbb15","csproto_version":36}
recv:{"cmd":"acclogin","auth_channel":0,"auth_account":"9fa2d97491cd9a0896c9264c437bbb15","device_id":"9fa2d97491cd9a0896c9264c437bbb15"}
recv:{"os_type":0,"oss_channel":"000","client_version":"40001","mobile_type":"ModelName","operaters_type":0,"device_id":"9fa2d97491cd9a0896c9264c437bbb15","csproto_version":36}
recv:{"cmd":"acclogin","auth_channel":0,"auth_account":"9fa2d97491cd9a0896c9264c437bbb15","device_id":"9fa2d97491cd9a0896c9264c437bbb15"}
recv:{"os_type":0,"oss_channel":"000","client_version":"40001","mobile_type":"ModelName","operaters_type":0,"device_id":"9fa2d97491cd9a0896c9264c437bbb15","csproto_version":36}
recv:{"cmd":"acclogin","auth_channel":0,"auth_account":"9fa2d97491cd9a0896c9264c437bbb15","device_id":"9fa2d97491cd9a0896c9264c437bbb15"}
recv:{"os_type":0,"oss_channel":"000","client_version":"40001","mobile_type":"ModelName","operaters_type":0,"device_id":"9fa2d97491cd9a0896c9264c437bbb15","csproto_version":36}
recv:{"cmd":"acclogin","auth_channel":0,"auth_account":"9fa2d97491cd9a0896c9264c437bbb15","device_id":"9fa2d97491cd9a0896c9264c437bbb15"}
recv:{"os_type":0,"oss_channel":"000","client_version":"40001","mobile_type":"ModelName","operaters_type":0,"device_id":"9fa2d97491cd9a0896c9264c437bbb15","csproto_version":36}
recv:{"cmd":"acclogin","auth_channel":0,"auth_account":"9fa2d97491cd9a0896c9264c437bbb15","device_id":"9fa2d97491cd9a0896c9264c437bbb15"}
recv:{"os_type":0,"oss_channel":"000","client_version":"40001","mobile_type":"ModelName","operaters_type":0,"device_id":"9fa2d97491cd9a0896c9264c437bbb15","csproto_version":36}
recv:{"cmd":"acclogin","auth_channel":0,"auth_account":"9fa2d97491cd9a0896c9264c437bbb15","device_id":"9fa2d97491cd9a0896c9264c437bbb15"}
recv:{"os_type":0,"oss_channel":"000","client_version":"40001","mobile_type":"ModelName","operaters_type":0,"device_id":"9fa2d97491cd9a0896c9264c437bbb15","csproto_version":36}
recv:{"cmd":"acclogin","auth_channel":0,"auth_account":"9fa2d97491cd9a0896c9264c437bbb15","device_id":"9fa2d97491cd9a0896c9264c437bbb15"}
recv:{"os_type":0,"oss_channel":"000","client_version":"40001","mobile_type":"ModelName","operaters_type":0,"device_id":"9fa2d97491cd9a0896c9264c437bbb15","csproto_version":36}
recv:{"cmd":"acclogin","auth_channel":0,"auth_account":"9fa2d97491cd9a0896c9264c437bbb15","device_id":"9fa2d97491cd9a0896c9264c437bbb15"}
recv:{"os_type":0,"oss_channel":"000","client_version":"40001","mobile_type":"ModelName","operaters_type":0,"device_id":"9fa2d97491cd9a0896c9264c437bbb15","csproto_version":36}
recv:{"cmd":"acclogin","auth_channel":0,"auth_account":"9fa2d97491cd9a0896c9264c437bbb15","device_id":"9fa2d97491cd9a0896c9264c437bbb15"}
recv:{"os_type":0,"oss_channel":"000","client_version":"40001","mobile_type":"ModelName","operaters_type":0,"device_id":"9fa2d97491cd9a0896c9264c437bbb15","csproto_version":36}
recv:{"cmd":"acclogin","auth_channel":0,"auth_account":"9fa2d97491cd9a0896c9264c437bbb15","device_id":"9fa2d97491cd9a0896c9264c437bbb15"}
recv:{"os_type":0,"oss_channel":"000","client_version":"40001","mobile_type":"ModelName","operaters_type":0,"device_id":"9fa2d97491cd9a0896c9264c437bbb15","csproto_version":36}
recv:{"cmd":"acclogin","auth_channel":0,"auth_account":"9fa2d97491cd9a0896c9264c437bbb15","device_id":"9fa2d97491cd9a0896c9264c437bbb15"}
recv:{"os_type":0,"oss_channel":"000","client_version":"40001","mobile_type":"ModelName","operaters_type":0,"device_id":"9fa2d97491cd9a0896c9264c437bbb15","csproto_version":36}
recv:{"cmd":"acclogin","auth_channel":0,"auth_account":"9fa2d97491cd9a0896c9264c437bbb15","device_id":"9fa2d97491cd9a0896c9264c437bbb15"}
recv:{"os_type":0,"oss_channel":"000","client_version":"40001","mobile_type":"ModelName","operaters_type":0,"device_id":"9fa2d97491cd9a0896c9264c437bbb15","csproto_version":36}
recv:{"cmd":"acclogin","auth_channel":0,"auth_account":"9fa2d97491cd9a0896c9264c437bbb15","device_id":"9fa2d97491cd9a0896c9264c437bbb15"}
recv:{"os_type":0,"oss_channel":"000","client_version":"40001","mobile_type":"ModelName","operaters_type":0,"device_id":"9fa2d97491cd9a0896c9264c437bbb15","csproto_version":36}
recv:{"cmd":"acclogin","auth_channel":0,"auth_account":"9fa2d97491cd9a0896c9264c437bbb15","device_id":"9fa2d97491cd9a0896c9264c437bbb15"}
recv:{"os_type":0,"oss_channel":"000","client_version":"40001","mobile_type":"ModelName","operaters_type":0,"device_id":"9fa2d97491cd9a0896c9264c437bbb15","csproto_version":36}
recv:{"cmd":"acclogin","auth_channel":0,"auth_account":"9fa2d97491cd9a0896c9264c437bbb15","device_id":"9fa2d97491cd9a0896c9264c437bbb15"}
recv:{"os_type":0,"oss_channel":"000","client_version":"40001","mobile_type":"ModelName","operaters_type":0,"device_id":"9fa2d97491cd9a0896c9264c437bbb15","csproto_version":36}
recv:{"cmd":"acclogin","auth_channel":0,"auth_account":"9fa2d97491cd9a0896c9264c437bbb15","device_id":"9fa2d97491cd9a0896c9264c437bbb15"}
recv:{"os_type":0,"oss_channel":"000","client_version":"40001","mobile_type":"ModelName","operaters_type":0,"device_id":"9fa2d97491cd9a0896c9264c437bbb15","csproto_version":36}
recv:{"cmd":"acclogin","auth_channel":0,"auth_account":"9fa2d97491cd9a0896c9264c437bbb15","device_id":"9fa2d97491cd9a0896c9264c437bbb15"}
recv:{"os_type":0,"oss_channel":"000","client_version":"40001","mobile_type":"ModelName","operaters_type":0,"device_id":"9fa2d97491cd9a0896c9264c437bbb15","csproto_version":36}
recv:{"cmd":"acclogin","auth_channel":0,"auth_account":"9fa2d97491cd9a0896c9264c437bbb15","device_id":"9fa2d97491cd9a0896c9264c437bbb15"}
recv:{"os_type":0,"oss_channel":"000","client_version":"40001","mobile_type":"ModelName","operaters_type":0,"device_id":"9fa2d97491cd9a0896c9264c437bbb15","csproto_version":36}
recv:{"cmd":"acclogin","auth_channel":0,"auth_account":"9fa2d97491cd9a0896c9264c437bbb15","device_id":"9fa2d97491cd9a0896c9264c437bbb15"}
recv:{"os_type":0,"oss_channel":"000","client_version":"40001","mobile_type":"ModelName","operaters_type":0,"device_id":"9fa2d97491cd9a0896c9264c437bbb15","csproto_version":36}
recv:{"cmd":"acclogin","auth_channel":0,"auth_account":"9fa2d97491cd9a0896c9264c437bbb15","device_id":"9fa2d97491cd9a0896c9264c437bbb15"}
recv:{"os_type":0,"oss_channel":"000","client_version":"40001","mobile_type":"ModelName","operaters_type":0,"device_id":"9fa2d97491cd9a0896c9264c437bbb15","csproto_version":36}
recv:{"cmd":"acclogin","auth_channel":0,"auth_account":"9fa2d97491cd9a0896c9264c437bbb15","device_id":"9fa2d97491cd9a0896c9264c437bbb15"}
recv:{"os_type":0,"oss_channel":"000","client_version":"40001","mobile_type":"ModelName","operaters_type":0,"device_id":"9fa2d97491cd9a0896c9264c437bbb15","csproto_version":36}
recv:{"cmd":"acclogin","auth_channel":0,"auth_account":"9fa2d97491cd9a0896c9264c437bbb15","device_id":"9fa2d97491cd9a0896c9264c437bbb15"}
recv:{"os_type":0,"oss_channel":"000","client_version":"40001","mobile_type":"ModelName","operaters_type":0,"device_id":"9fa2d97491cd9a0896c9264c437bbb15","csproto_version":36}
recv:{"cmd":"acclogin","auth_channel":0,"auth_account":"9fa2d97491cd9a0896c9264c437bbb15","device_id":"9fa2d97491cd9a0896c9264c437bbb15"}
recv:{"os_type":0,"oss_channel":"000","client_version":"40001","mobile_type":"ModelName","operaters_type":0,"device_id":"9fa2d97491cd9a0896c9264c437bbb15","csproto_version":36}
recv:{"cmd":"acclogin","auth_channel":0,"auth_account":"9fa2d97491cd9a0896c9264c437bbb15","device_id":"9fa2d97491cd9a0896c9264c437bbb15"}
recv:{"os_type":0,"oss_channel":"000","client_version":"40001","mobile_type":"ModelName","operaters_type":0,"device_id":"9fa2d97491cd9a0896c9264c437bbb15","csproto_version":36}
recv:{"cmd":"acclogin","auth_channel":0,"auth_account":"9fa2d97491cd9a0896c9264c437bbb15","device_id":"9fa2d97491cd9a0896c9264c437bbb15"}
recv:{"os_type":0,"oss_channel":"000","client_version":"40001","mobile_type":"ModelName","operaters_type":0,"device_id":"9fa2d97491cd9a0896c9264c437bbb15","csproto_version":36}
recv:{"cmd":"acclogin","auth_channel":0,"auth_account":"9fa2d97491cd9a0896c9264c437bbb15","device_id":"9fa2d97491cd9a0896c9264c437bbb15"}
recv:{"os_type":0,"oss_channel":"000","client_version":"40001","mobile_type":"ModelName","operaters_type":0,"device_id":"9fa2d97491cd9a0896c9264c437bbb15","csproto_version":36}
recv:{"cmd":"acclogin","auth_channel":0,"auth_account":"9fa2d97491cd9a0896c9264c437bbb15","device_id":"9fa2d97491cd9a0896c9264c437bbb15"}
recv:{"os_type":0,"oss_channel":"000","client_version":"40001","mobile_type":"ModelName","operaters_type":0,"device_id":"9fa2d97491cd9a0896c9264c437bbb15","csproto_version":36}
recv:{"cmd":"acclogin","auth_channel":0,"auth_account":"9fa2d97491cd9a0896c9264c437bbb15","device_id":"9fa2d97491cd9a0896c9264c437bbb15"}
start auth server at port:19992
start query server at port:19990
start query server at port:19990
start auth server at port:19992
events.js:167
      throw er; // Unhandled 'error' event
      ^

Error: listen EADDRINUSE: address already in use :::19990
    at Server.setupListenHandle [as _listen2] (net.js:1290:14)
    at listenInCluster (net.js:1338:12)
    at Server.listen (net.js:1425:7)
    at QueryServer.start (/Users/tangs/Documents/gameserver_node1/build/connect/http/QueryServer.js:57:12)
    at Object.<anonymous> (/Users/tangs/Documents/gameserver_node1/build/connect/http/QueryServer.js:61:19)
    at Module._compile (internal/modules/cjs/loader.js:689:30)
    at Object.Module._extensions..js (internal/modules/cjs/loader.js:700:10)
    at Module.load (internal/modules/cjs/loader.js:599:32)
    at tryModuleLoad (internal/modules/cjs/loader.js:538:12)
    at Function.Module._load (internal/modules/cjs/loader.js:530:3)
Emitted 'error' event at:
    at emitErrorNT (net.js:1317:8)
    at process._tickCallback (internal/process/next_tick.js:63:19)
    at Function.Module.runMain (internal/modules/cjs/loader.js:745:11)
    at startup (internal/bootstrap/node.js:283:19)
    at bootstrapNodeJSCore (internal/bootstrap/node.js:743:3)
events.js:167
      throw er; // Unhandled 'error' event
      ^

Error: listen EADDRINUSE: address already in use :::19992
    at Server.setupListenHandle [as _listen2] (net.js:1290:14)
    at listenInCluster (net.js:1338:12)
    at Server.listen (net.js:1425:7)
    at AuthServer.start (/Users/tangs/Documents/gameserver_node1/build/connect/http/AuthServer.js:46:12)
    at Object.<anonymous> (/Users/tangs/Documents/gameserver_node1/build/connect/http/AuthServer.js:50:18)
    at Module._compile (internal/modules/cjs/loader.js:689:30)
    at Object.Module._extensions..js (internal/modules/cjs/loader.js:700:10)
    at Module.load (internal/modules/cjs/loader.js:599:32)
    at tryModuleLoad (internal/modules/cjs/loader.js:538:12)
    at Function.Module._load (internal/modules/cjs/loader.js:530:3)
Emitted 'error' event at:
    at emitErrorNT (net.js:1317:8)
    at process._tickCallback (internal/process/next_tick.js:63:19)
    at Function.Module.runMain (internal/modules/cjs/loader.js:745:11)
    at startup (internal/bootstrap/node.js:283:19)
    at bootstrapNodeJSCore (internal/bootstrap/node.js:743:3)
start query server at port:19990
start auth server at port:19992
internal/modules/cjs/loader.js:583
    throw err;
    ^

Error: Cannot find module 'cors'
    at Function.Module._resolveFilename (internal/modules/cjs/loader.js:581:15)
    at Function.Module._load (internal/modules/cjs/loader.js:507:25)
    at Module.require (internal/modules/cjs/loader.js:637:17)
    at require (internal/modules/cjs/helpers.js:22:18)
    at Object.<anonymous> (/Users/tangs/Documents/gameserver_node1/build/connect/http/QueryServer.js:6:14)
    at Module._compile (internal/modules/cjs/loader.js:689:30)
    at Object.Module._extensions..js (internal/modules/cjs/loader.js:700:10)
    at Module.load (internal/modules/cjs/loader.js:599:32)
    at tryModuleLoad (internal/modules/cjs/loader.js:538:12)
    at Function.Module._load (internal/modules/cjs/loader.js:530:3)
internal/modules/cjs/loader.js:583
    throw err;
    ^

Error: Cannot find module 'cors'
    at Function.Module._resolveFilename (internal/modules/cjs/loader.js:581:15)
    at Function.Module._load (internal/modules/cjs/loader.js:507:25)
    at Module.require (internal/modules/cjs/loader.js:637:17)
    at require (internal/modules/cjs/helpers.js:22:18)
    at Object.<anonymous> (/Users/tangs/Documents/gameserver_node1/build/connect/http/AuthServer.js:6:14)
    at Module._compile (internal/modules/cjs/loader.js:689:30)
    at Object.Module._extensions..js (internal/modules/cjs/loader.js:700:10)
    at Module.load (internal/modules/cjs/loader.js:599:32)
    at tryModuleLoad (internal/modules/cjs/loader.js:538:12)
    at Function.Module._load (internal/modules/cjs/loader.js:530:3)
start auth server at port:19992
start query server at port:19990
recv:{"os_type":0,"oss_channel":"000","client_version":"40001","mobile_type":"ModelName","operaters_type":0,"device_id":"e17ba26ad0f5e01781a2793e6eb2df48","csproto_version":36}
reqest:{"svr_addr":"192.168.0.104","svr_port":19800,"ret_code":"0","client_res_root":"http://10.8.50.157:8191/clientresdown/","pkg_update_type":"0","pkg_incupdate_addr":"","inc_orgin_pkg_md5":"","inc_new_pkg_md5":"","inc_patch_pkg_md5":"","ret_pkg_addr_type":"","login_addr":"http://192.168.0.104:19992/acc","buyu_addr":"","func_ctl":{"pay":"wechat:19pay:commwappayunionpay"}}
recv:{"cmd":"acclogin","auth_channel":0,"auth_account":"e17ba26ad0f5e01781a2793e6eb2df48","device_id":"e17ba26ad0f5e01781a2793e6eb2df48"}
recv:{"os_type":0,"oss_channel":"000","client_version":"40001","mobile_type":"ModelName","operaters_type":0,"device_id":"47a627b39c6de81c3a584e23ffab8751","csproto_version":36}
reqest:{"svr_addr":"192.168.0.104","svr_port":19800,"ret_code":"0","client_res_root":"http://10.8.50.157:8191/clientresdown/","pkg_update_type":"0","pkg_incupdate_addr":"","inc_orgin_pkg_md5":"","inc_new_pkg_md5":"","inc_patch_pkg_md5":"","ret_pkg_addr_type":"","login_addr":"http://192.168.0.104:19992/acc","buyu_addr":"","func_ctl":{"pay":"wechat:19pay:commwappayunionpay"}}
recv:{"cmd":"acclogin","auth_channel":0,"auth_account":"47a627b39c6de81c3a584e23ffab8751","device_id":"47a627b39c6de81c3a584e23ffab8751"}
recv:{"os_type":0,"oss_channel":"000","client_version":"40001","mobile_type":"ModelName","operaters_type":0,"device_id":"47a627b39c6de81c3a584e23ffab8751","csproto_version":36}
reqest:{"svr_addr":"192.168.0.104","svr_port":19800,"ret_code":"0","client_res_root":"http://10.8.50.157:8191/clientresdown/","pkg_update_type":"0","pkg_incupdate_addr":"","inc_orgin_pkg_md5":"","inc_new_pkg_md5":"","inc_patch_pkg_md5":"","ret_pkg_addr_type":"","login_addr":"http://192.168.0.104:19992/acc","buyu_addr":"","func_ctl":{"pay":"wechat:19pay:commwappayunionpay"}}
recv:{"cmd":"acclogin","auth_channel":0,"auth_account":"47a627b39c6de81c3a584e23ffab8751","device_id":"47a627b39c6de81c3a584e23ffab8751"}
start query server at port:19990
start auth server at port:19992
recv:{"os_type":0,"oss_channel":"000","client_version":"40001","mobile_type":"ModelName","operaters_type":0,"device_id":"e17ba26ad0f5e01781a2793e6eb2df48","csproto_version":36}
reqest:{"svr_addr":"192.168.1.14","svr_port":19800,"ret_code":"0","client_res_root":"http://10.8.50.157:8191/clientresdown/","pkg_update_type":"0","pkg_incupdate_addr":"","inc_orgin_pkg_md5":"","inc_new_pkg_md5":"","inc_patch_pkg_md5":"","ret_pkg_addr_type":"","login_addr":"http://192.168.1.14:19992/acc","buyu_addr":"","func_ctl":{"pay":"wechat:19pay:commwappayunionpay"}}
recv:{"cmd":"acclogin","auth_channel":0,"auth_account":"e17ba26ad0f5e01781a2793e6eb2df48","device_id":"e17ba26ad0f5e01781a2793e6eb2df48"}
recv:{"os_type":0,"oss_channel":"000","client_version":"40001","mobile_type":"ModelName","operaters_type":0,"device_id":"47a627b39c6de81c3a584e23ffab8751","csproto_version":36}
reqest:{"svr_addr":"192.168.1.14","svr_port":19800,"ret_code":"0","client_res_root":"http://10.8.50.157:8191/clientresdown/","pkg_update_type":"0","pkg_incupdate_addr":"","inc_orgin_pkg_md5":"","inc_new_pkg_md5":"","inc_patch_pkg_md5":"","ret_pkg_addr_type":"","login_addr":"http://192.168.1.14:19992/acc","buyu_addr":"","func_ctl":{"pay":"wechat:19pay:commwappayunionpay"}}
recv:{"cmd":"acclogin","auth_channel":0,"auth_account":"47a627b39c6de81c3a584e23ffab8751","device_id":"47a627b39c6de81c3a584e23ffab8751"}
recv:{"os_type":0,"oss_channel":"000","client_version":"40001","mobile_type":"ModelName","operaters_type":0,"device_id":"1ef6ebe08b9c59439cf66bba9ce92f4d","csproto_version":36}
reqest:{"svr_addr":"192.168.1.14","svr_port":19800,"ret_code":"0","client_res_root":"http://10.8.50.157:8191/clientresdown/","pkg_update_type":"0","pkg_incupdate_addr":"","inc_orgin_pkg_md5":"","inc_new_pkg_md5":"","inc_patch_pkg_md5":"","ret_pkg_addr_type":"","login_addr":"http://192.168.1.14:19992/acc","buyu_addr":"","func_ctl":{"pay":"wechat:19pay:commwappayunionpay"}}
recv:{"cmd":"acclogin","auth_channel":0,"auth_account":"1ef6ebe08b9c59439cf66bba9ce92f4d","device_id":"1ef6ebe08b9c59439cf66bba9ce92f4d"}
